<?xml version="1.0" encoding="UTF-8"?>
<coverage generated="1586901652275" clover="3.2.0">
  <project timestamp="1586901652275" name="All files">
    <metrics statements="7" coveredstatements="6" conditionals="2" coveredconditionals="0" methods="3" coveredmethods="2" elements="12" coveredelements="8" complexity="0" loc="7" ncloc="7" packages="2" files="2" classes="2"/>
    <package name="HelloWorld">
      <metrics statements="5" coveredstatements="5" conditionals="0" coveredconditionals="0" methods="2" coveredmethods="2"/>
      <file name="index.tsx" path="C:\Users\xiaom\Desktop\Новая папка (3)\my_ts_boilerplate\src\components\HelloWorld\index.tsx">
        <metrics statements="5" coveredstatements="5" conditionals="0" coveredconditionals="0" methods="2" coveredmethods="2"/>
        <line num="7" count="1" type="stmt"/>
        <line num="8" count="3" type="stmt"/>
        <line num="10" count="3" type="stmt"/>
        <line num="11" count="1" type="stmt"/>
        <line num="14" count="3" type="stmt"/>
      </file>
    </package>
    <package name="StyledComponents">
      <metrics statements="2" coveredstatements="1" conditionals="2" coveredconditionals="0" methods="1" coveredmethods="0"/>
      <file name="index.tsx" path="C:\Users\xiaom\Desktop\Новая папка (3)\my_ts_boilerplate\src\components\StyledComponents\index.tsx">
        <metrics statements="2" coveredstatements="1" conditionals="2" coveredconditionals="0" methods="1" coveredmethods="0"/>
        <line num="3" count="1" type="stmt"/>
        <line num="12" count="0" type="cond" truecount="0" falsecount="2"/>
      </file>
    </package>
  </project>
</coverage>
