{"C:\\Users\\xiaom\\Desktop\\Новая папка (3)\\my_ts_boilerplate\\src\\components\\HelloWorld\\index.tsx": {"path":"C:\\Users\\xiaom\\Desktop\\Новая папка (3)\\my_ts_boilerplate\\src\\components\\HelloWorld\\index.tsx","statementMap":{"0":{"start":{"line":7,"column":36},"end":{"line":19,"column":1}},"1":{"start":{"line":8,"column":32},"end":{"line":8,"column":37}},"2":{"start":{"line":10,"column":24},"end":{"line":12,"column":5}},"3":{"start":{"line":11,"column":8},"end":{"line":11,"column":24}},"4":{"start":{"line":14,"column":4},"end":{"line":18,"column":6}}},"fnMap":{"0":{"name":"(anonymous_0)","decl":{"start":{"line":7,"column":36},"end":{"line":7,"column":37}},"loc":{"start":{"line":7,"column":45},"end":{"line":19,"column":1}},"line":7},"1":{"name":"(anonymous_1)","decl":{"start":{"line":10,"column":24},"end":{"line":10,"column":25}},"loc":{"start":{"line":10,"column":30},"end":{"line":12,"column":5}},"line":10}},"branchMap":{},"s":{"0":1,"1":3,"2":3,"3":1,"4":3},"f":{"0":3,"1":1},"b":{},"_coverageSchema":"1a1c01bbd47fc00a2c39e90264f33305004495a9","hash":"ca98f82af22786502e02bf32eb8c24eb41843a5a"}
,"C:\\Users\\xiaom\\Desktop\\Новая папка (3)\\my_ts_boilerplate\\src\\components\\StyledComponents\\index.tsx": {"path":"C:\\Users\\xiaom\\Desktop\\Новая папка (3)\\my_ts_boilerplate\\src\\components\\StyledComponents\\index.tsx","statementMap":{"0":{"start":{"line":3,"column":25},"end":{"line":19,"column":1}},"1":{"start":{"line":12,"column":28},"end":{"line":12,"column":52}}},"fnMap":{"0":{"name":"(anonymous_0)","decl":{"start":{"line":12,"column":13},"end":{"line":12,"column":14}},"loc":{"start":{"line":12,"column":28},"end":{"line":12,"column":52}},"line":12}},"branchMap":{"0":{"loc":{"start":{"line":12,"column":28},"end":{"line":12,"column":52}},"type":"binary-expr","locations":[{"start":{"line":12,"column":28},"end":{"line":12,"column":40}},{"start":{"line":12,"column":44},"end":{"line":12,"column":52}}],"line":12}},"s":{"0":1,"1":0},"f":{"0":0},"b":{"0":[0,0]},"_coverageSchema":"1a1c01bbd47fc00a2c39e90264f33305004495a9","hash":"d84749440383075887cd44934d3b01e65fc07397"}
}
